#
# There is insufficient memory for the Java Runtime Environment to continue.
# Native memory allocation (mmap) failed to map 65536 bytes for Failed to commit metaspace.
# Possible reasons:
#   The system is out of physical RAM or swap space
#   The process is running with CompressedOops enabled, and the Java Heap may be blocking the growth of the native heap
# Possible solutions:
#   Reduce memory load on the system
#   Increase physical memory or swap space
#   Check if swap backing store is full
#   Decrease Java heap size (-Xmx/-Xms)
#   Decrease number of Java threads
#   Decrease Java thread stack sizes (-Xss)
#   Set larger code cache with -XX:ReservedCodeCacheSize=
#   JVM is running with Zero Based Compressed Oops mode in which the Java heap is
#     placed in the first 32GB address space. The Java Heap base address is the
#     maximum limit for the native heap growth. Please use -XX:HeapBaseMinAddress
#     to set the Java Heap base and to place the Java Heap above 32GB virtual address.
# This output file may be truncated or incomplete.
#
#  Out of Memory Error (virtualSpaceNode.cpp:110), pid=25112, tid=18844
#
# JRE version: OpenJDK Runtime Environment Temurin-17.0.1+12 (17.0.1+12) (build 17.0.1+12)
# Java VM: OpenJDK 64-Bit Server VM Temurin-17.0.1+12 (17.0.1+12, mixed mode, sharing, tiered, compressed oops, compressed class ptrs, g1 gc, windows-amd64)
# No core dump will be written. Minidumps are not enabled by default on client versions of Windows
#

---------------  S U M M A R Y ------------

Command Line: -Dfile.encoding=Cp1252 Main.main

Host: Intel(R) Core(TM) i7-10870H CPU @ 2.20GHz, 16 cores, 15G,  Windows 10 , 64 bit Build 19041 (10.0.19041.2364)
Time: Thu Jan 12 23:46:59 2023 Egypt Standard Time elapsed time: 0.154424 seconds (0d 0h 0m 0s)

---------------  T H R E A D  ---------------

Current thread (0x0000026160bab8f0):  JavaThread "main" [_thread_in_vm, id=18844, stack(0x000000da55100000,0x000000da55200000)]

Stack: [0x000000da55100000,0x000000da55200000]
Native frames: (J=compiled Java code, j=interpreted, Vv=VM code, C=native code)
V  [jvm.dll+0x6744da]
V  [jvm.dll+0x82e144]
V  [jvm.dll+0x82f8ee]
V  [jvm.dll+0x82ff53]
V  [jvm.dll+0x245175]
V  [jvm.dll+0x82a0eb]
V  [jvm.dll+0x619566]
V  [jvm.dll+0x6195ca]
V  [jvm.dll+0x61bdea]
V  [jvm.dll+0x619f06]
V  [jvm.dll+0x23ab30]
V  [jvm.dll+0x1ea82d]
V  [jvm.dll+0x1e0261]
V  [jvm.dll+0x53b150]
V  [jvm.dll+0x1f0a57]
V  [jvm.dll+0x7a87ab]
V  [jvm.dll+0x7a9b52]
V  [jvm.dll+0x7a9e88]
V  [jvm.dll+0x23d45e]
V  [jvm.dll+0x3803be]
C  0x000002616868f2c3

Java frames: (J=compiled Java code, j=interpreted, Vv=VM code)
j  sun.java2d.loops.GraphicsPrimitiveMgr.<clinit>()V+10 java.desktop@17.0.1
v  ~StubRoutines::call_stub
j  sun.java2d.loops.Blit.<clinit>()V+36 java.desktop@17.0.1
v  ~StubRoutines::call_stub
j  sun.java2d.windows.GDIWindowSurfaceData.<clinit>()V+72 java.desktop@17.0.1
v  ~StubRoutines::call_stub
j  sun.awt.Win32GraphicsConfig.createSurfaceData(Lsun/awt/windows/WComponentPeer;I)Lsun/java2d/SurfaceData;+1 java.desktop@17.0.1
j  sun.java2d.ScreenUpdateManager.createScreenSurface(Lsun/awt/Win32GraphicsConfig;Lsun/awt/windows/WComponentPeer;IZ)Lsun/java2d/SurfaceData;+3 java.desktop@17.0.1
j  sun.java2d.d3d.D3DScreenUpdateManager.createScreenSurface(Lsun/awt/Win32GraphicsConfig;Lsun/awt/windows/WComponentPeer;IZ)Lsun/java2d/SurfaceData;+20 java.desktop@17.0.1
j  sun.awt.windows.WComponentPeer.createScreenSurface(Z)V+21 java.desktop@17.0.1
j  sun.awt.windows.WComponentPeer.<init>(Ljava/awt/Component;)V+79 java.desktop@17.0.1
j  sun.awt.windows.WCanvasPeer.<init>(Ljava/awt/Component;)V+2 java.desktop@17.0.1
j  sun.awt.windows.WPanelPeer.<init>(Ljava/awt/Component;)V+2 java.desktop@17.0.1
j  sun.awt.windows.WWindowPeer.<init>(Ljava/awt/Window;)V+2 java.desktop@17.0.1
j  sun.awt.windows.WFramePeer.<init>(Ljava/awt/Frame;)V+2 java.desktop@17.0.1
j  sun.awt.windows.WToolkit.createFrame(Ljava/awt/Frame;)Ljava/awt/peer/FramePeer;+5 java.desktop@17.0.1
j  java.awt.Frame.addNotify()V+20 java.desktop@17.0.1
j  java.awt.Window.show()V+8 java.desktop@17.0.1
j  java.awt.Component.show(Z)V+5 java.desktop@17.0.1
j  java.awt.Component.setVisible(Z)V+2 java.desktop@17.0.1
j  java.awt.Window.setVisible(Z)V+2 java.desktop@17.0.1
j  Main.main.main([Ljava/lang/String;)V+52
v  ~StubRoutines::call_stub

---------------  P R O C E S S  ---------------

Threads class SMR info:
_java_thread_list=0x00000261053b0390, length=17, elements={
0x0000026160bab8f0, 0x000002610463af60, 0x000002610463dde0, 0x0000026104653480,
0x0000026104657160, 0x0000026105020090, 0x000002610465a6c0, 0x0000026105021860,
0x0000026104664390, 0x00000261046690a0, 0x000002610511f000, 0x000002610514f7f0,
0x0000026105155f30, 0x0000026105370360, 0x0000026105373900, 0x0000026105376a20,
0x0000026105ea45c0
}

Java Threads: ( => current thread )
=>0x0000026160bab8f0 JavaThread "main" [_thread_in_vm, id=18844, stack(0x000000da55100000,0x000000da55200000)]
  0x000002610463af60 JavaThread "Reference Handler" daemon [_thread_blocked, id=24304, stack(0x000000da55800000,0x000000da55900000)]
  0x000002610463dde0 JavaThread "Finalizer" daemon [_thread_blocked, id=21976, stack(0x000000da55900000,0x000000da55a00000)]
  0x0000026104653480 JavaThread "Signal Dispatcher" daemon [_thread_blocked, id=21336, stack(0x000000da55a00000,0x000000da55b00000)]
  0x0000026104657160 JavaThread "Attach Listener" daemon [_thread_blocked, id=19972, stack(0x000000da55b00000,0x000000da55c00000)]
  0x0000026105020090 JavaThread "Service Thread" daemon [_thread_blocked, id=15804, stack(0x000000da55c00000,0x000000da55d00000)]
  0x000002610465a6c0 JavaThread "Monitor Deflation Thread" daemon [_thread_blocked, id=19536, stack(0x000000da55d00000,0x000000da55e00000)]
  0x0000026105021860 JavaThread "C2 CompilerThread0" daemon [_thread_blocked, id=25408, stack(0x000000da55e00000,0x000000da55f00000)]
  0x0000026104664390 JavaThread "C1 CompilerThread0" daemon [_thread_blocked, id=14100, stack(0x000000da55f00000,0x000000da56000000)]
  0x00000261046690a0 JavaThread "Sweeper thread" daemon [_thread_blocked, id=9488, stack(0x000000da56000000,0x000000da56100000)]
  0x000002610511f000 JavaThread "C1 CompilerThread1" daemon [_thread_blocked, id=24564, stack(0x000000da56100000,0x000000da56200000)]
  0x000002610514f7f0 JavaThread "Notification Thread" daemon [_thread_blocked, id=23892, stack(0x000000da56200000,0x000000da56300000)]
  0x0000026105155f30 JavaThread "Common-Cleaner" daemon [_thread_blocked, id=21216, stack(0x000000da56400000,0x000000da56500000)]
  0x0000026105370360 JavaThread "Java2D Disposer" daemon [_thread_blocked, id=4232, stack(0x000000da56500000,0x000000da56600000)]
  0x0000026105373900 JavaThread "AWT-Shutdown" [_thread_blocked, id=11372, stack(0x000000da56600000,0x000000da56700000)]
  0x0000026105376a20 JavaThread "AWT-Windows" daemon [_thread_in_native, id=19436, stack(0x000000da56700000,0x000000da56800000)]
  0x0000026105ea45c0 JavaThread "AWT-EventQueue-0" [_thread_blocked, id=25172, stack(0x000000da56800000,0x000000da56900000)]

Other Threads:
  0x00000261046356a0 VMThread "VM Thread" [stack: 0x000000da55700000,0x000000da55800000] [id=24920]
  0x0000026105153cd0 WatcherThread [stack: 0x000000da56300000,0x000000da56400000] [id=15720]
  0x0000026160bfcd20 GCTaskThread "GC Thread#0" [stack: 0x000000da55200000,0x000000da55300000] [id=14644]
  0x0000026160c0e080 ConcurrentGCThread "G1 Main Marker" [stack: 0x000000da55300000,0x000000da55400000] [id=25464]
  0x0000026160c0faa0 ConcurrentGCThread "G1 Conc#0" [stack: 0x000000da55400000,0x000000da55500000] [id=18916]
  0x00000261044f20d0 ConcurrentGCThread "G1 Refine#0" [stack: 0x000000da55500000,0x000000da55600000] [id=24608]
  0x00000261044f2af0 ConcurrentGCThread "G1 Service" [stack: 0x000000da55600000,0x000000da55700000] [id=25064]

Threads with active compile tasks:

VM state: not at safepoint (normal execution)

VM Mutex/Monitor currently owned by a thread:  ([mutex/lock_event])
[0x0000026160ba57e0] Metaspace_lock - owner thread: 0x0000026160bab8f0

Heap address: 0x0000000703800000, size: 4040 MB, Compressed Oops mode: Zero based, Oop shift amount: 3

CDS archive(s) mapped at: [0x0000000800000000-0x0000000800bc0000-0x0000000800bc0000), size 12320768, SharedBaseAddress: 0x0000000800000000, ArchiveRelocationMode: 0.
Compressed class space mapped at: 0x0000000800c00000-0x0000000840c00000, reserved size: 1073741824
Narrow klass base: 0x0000000800000000, Narrow klass shift: 0, Narrow klass range: 0x100000000

GC Precious Log:
 CPUs: 16 total, 16 available
 Memory: 16158M
 Large Page Support: Disabled
 NUMA Support: Disabled
 Compressed Oops: Enabled (Zero based)
 Heap Region Size: 2M
 Heap Min Capacity: 8M
 Heap Initial Capacity: 254M
 Heap Max Capacity: 4040M
 Pre-touch: Disabled
 Parallel Workers: 13
 Concurrent Workers: 3
 Concurrent Refinement Workers: 13
 Periodic GC: Disabled

Heap:
 garbage-first heap   total 260096K, used 4096K [0x0000000703800000, 0x0000000800000000)
  region size 2048K, 3 young (6144K), 0 survivors (0K)
 Metaspace       used 4458K, committed 4608K, reserved 1056768K
  class space    used 493K, committed 576K, reserved 1048576K

Heap Regions: E=young(eden), S=young(survivor), O=old, HS=humongous(starts), HC=humongous(continues), CS=collection set, F=free, OA=open archive, CA=closed archive, TAMS=top-at-mark-start (previous, next)
|   0|0x0000000703800000, 0x0000000703800000, 0x0000000703a00000|  0%| F|  |TAMS 0x0000000703800000, 0x0000000703800000| Untracked 
|   1|0x0000000703a00000, 0x0000000703a00000, 0x0000000703c00000|  0%| F|  |TAMS 0x0000000703a00000, 0x0000000703a00000| Untracked 
|   2|0x0000000703c00000, 0x0000000703c00000, 0x0000000703e00000|  0%| F|  |TAMS 0x0000000703c00000, 0x0000000703c00000| Untracked 
|   3|0x0000000703e00000, 0x0000000703e00000, 0x0000000704000000|  0%| F|  |TAMS 0x0000000703e00000, 0x0000000703e00000| Untracked 
|   4|0x0000000704000000, 0x0000000704000000, 0x0000000704200000|  0%| F|  |TAMS 0x0000000704000000, 0x0000000704000000| Untracked 
|   5|0x0000000704200000, 0x0000000704200000, 0x0000000704400000|  0%| F|  |TAMS 0x0000000704200000, 0x0000000704200000| Untracked 
|   6|0x0000000704400000, 0x0000000704400000, 0x0000000704600000|  0%| F|  |TAMS 0x0000000704400000, 0x0000000704400000| Untracked 
|   7|0x0000000704600000, 0x0000000704600000, 0x0000000704800000|  0%| F|  |TAMS 0x0000000704600000, 0x0000000704600000| Untracked 
|   8|0x0000000704800000, 0x0000000704800000, 0x0000000704a00000|  0%| F|  |TAMS 0x0000000704800000, 0x0000000704800000| Untracked 
|   9|0x0000000704a00000, 0x0000000704a00000, 0x0000000704c00000|  0%| F|  |TAMS 0x0000000704a00000, 0x0000000704a00000| Untracked 
|  10|0x0000000704c00000, 0x0000000704c00000, 0x0000000704e00000|  0%| F|  |TAMS 0x0000000704c00000, 0x0000000704c00000| Untracked 
|  11|0x0000000704e00000, 0x0000000704e00000, 0x0000000705000000|  0%| F|  |TAMS 0x0000000704e00000, 0x0000000704e00000| Untracked 
|  12|0x0000000705000000, 0x0000000705000000, 0x0000000705200000|  0%| F|  |TAMS 0x0000000705000000, 0x0000000705000000| Untracked 
|  13|0x0000000705200000, 0x0000000705200000, 0x0000000705400000|  0%| F|  |TAMS 0x0000000705200000, 0x0000000705200000| Untracked 
|  14|0x0000000705400000, 0x0000000705400000, 0x0000000705600000|  0%| F|  |TAMS 0x0000000705400000, 0x0000000705400000| Untracked 
|  15|0x0000000705600000, 0x0000000705600000, 0x0000000705800000|  0%| F|  |TAMS 0x0000000705600000, 0x0000000705600000| Untracked 
|  16|0x0000000705800000, 0x0000000705800000, 0x0000000705a00000|  0%| F|  |TAMS 0x0000000705800000, 0x0000000705800000| Untracked 
|  17|0x0000000705a00000, 0x0000000705a00000, 0x0000000705c00000|  0%| F|  |TAMS 0x0000000705a00000, 0x0000000705a00000| Untracked 
|  18|0x0000000705c00000, 0x0000000705c00000, 0x0000000705e00000|  0%| F|  |TAMS 0x0000000705c00000, 0x0000000705c00000| Untracked 
|  19|0x0000000705e00000, 0x0000000705e00000, 0x0000000706000000|  0%| F|  |TAMS 0x0000000705e00000, 0x0000000705e00000| Untracked 
|  20|0x0000000706000000, 0x0000000706000000, 0x0000000706200000|  0%| F|  |TAMS 0x0000000706000000, 0x0000000706000000| Untracked 
|  21|0x0000000706200000, 0x0000000706200000, 0x0000000706400000|  0%| F|  |TAMS 0x0000000706200000, 0x0000000706200000| Untracked 
|  22|0x0000000706400000, 0x0000000706400000, 0x0000000706600000|  0%| F|  |TAMS 0x0000000706400000, 0x0000000706400000| Untracked 
|  23|0x0000000706600000, 0x0000000706600000, 0x0000000706800000|  0%| F|  |TAMS 0x0000000706600000, 0x0000000706600000| Untracked 
|  24|0x0000000706800000, 0x0000000706800000, 0x0000000706a00000|  0%| F|  |TAMS 0x0000000706800000, 0x0000000706800000| Untracked 
|  25|0x0000000706a00000, 0x0000000706a00000, 0x0000000706c00000|  0%| F|  |TAMS 0x0000000706a00000, 0x0000000706a00000| Untracked 
|  26|0x0000000706c00000, 0x0000000706c00000, 0x0000000706e00000|  0%| F|  |TAMS 0x0000000706c00000, 0x0000000706c00000| Untracked 
|  27|0x0000000706e00000, 0x0000000706e00000, 0x0000000707000000|  0%| F|  |TAMS 0x0000000706e00000, 0x0000000706e00000| Untracked 
|  28|0x0000000707000000, 0x0000000707000000, 0x0000000707200000|  0%| F|  |TAMS 0x0000000707000000, 0x0000000707000000| Untracked 
|  29|0x0000000707200000, 0x0000000707200000, 0x0000000707400000|  0%| F|  |TAMS 0x0000000707200000, 0x0000000707200000| Untracked 
|  30|0x0000000707400000, 0x0000000707400000, 0x0000000707600000|  0%| F|  |TAMS 0x0000000707400000, 0x0000000707400000| Untracked 
|  31|0x0000000707600000, 0x0000000707600000, 0x0000000707800000|  0%| F|  |TAMS 0x0000000707600000, 0x0000000707600000| Untracked 
|  32|0x0000000707800000, 0x0000000707800000, 0x0000000707a00000|  0%| F|  |TAMS 0x0000000707800000, 0x0000000707800000| Untracked 
|  33|0x0000000707a00000, 0x0000000707a00000, 0x0000000707c00000|  0%| F|  |TAMS 0x0000000707a00000, 0x0000000707a00000| Untracked 
|  34|0x0000000707c00000, 0x0000000707c00000, 0x0000000707e00000|  0%| F|  |TAMS 0x0000000707c00000, 0x0000000707c00000| Untracked 
|  35|0x0000000707e00000, 0x0000000707e00000, 0x0000000708000000|  0%| F|  |TAMS 0x0000000707e00000, 0x0000000707e00000| Untracked 
|  36|0x0000000708000000, 0x0000000708000000, 0x0000000708200000|  0%| F|  |TAMS 0x0000000708000000, 0x0000000708000000| Untracked 
|  37|0x0000000708200000, 0x0000000708200000, 0x0000000708400000|  0%| F|  |TAMS 0x0000000708200000, 0x0000000708200000| Untracked 
|  38|0x0000000708400000, 0x0000000708400000, 0x0000000708600000|  0%| F|  |TAMS 0x0000000708400000, 0x0000000708400000| Untracked 
|  39|0x0000000708600000, 0x0000000708600000, 0x0000000708800000|  0%| F|  |TAMS 0x0000000708600000, 0x0000000708600000| Untracked 
|  40|0x0000000708800000, 0x0000000708800000, 0x0000000708a00000|  0%| F|  |TAMS 0x0000000708800000, 0x0000000708800000| Untracked 
|  41|0x0000000708a00000, 0x0000000708a00000, 0x0000000708c00000|  0%| F|  |TAMS 0x0000000708a00000, 0x0000000708a00000| Untracked 
|  42|0x0000000708c00000, 0x0000000708c00000, 0x0000000708e00000|  0%| F|  |TAMS 0x0000000708c00000, 0x0000000708c00000| Untracked 
|  43|0x0000000708e00000, 0x0000000708e00000, 0x0000000709000000|  0%| F|  |TAMS 0x0000000708e00000, 0x0000000708e00000| Untracked 
|  44|0x0000000709000000, 0x0000000709000000, 0x0000000709200000|  0%| F|  |TAMS 0x0000000709000000, 0x0000000709000000| Untracked 
|  45|0x0000000709200000, 0x0000000709200000, 0x0000000709400000|  0%| F|  |TAMS 0x0000000709200000, 0x0000000709200000| Untracked 
|  46|0x0000000709400000, 0x0000000709400000, 0x0000000709600000|  0%| F|  |TAMS 0x0000000709400000, 0x0000000709400000| Untracked 
|  47|0x0000000709600000, 0x0000000709600000, 0x0000000709800000|  0%| F|  |TAMS 0x0000000709600000, 0x0000000709600000| Untracked 
|  48|0x0000000709800000, 0x0000000709800000, 0x0000000709a00000|  0%| F|  |TAMS 0x0000000709800000, 0x0000000709800000| Untracked 
|  49|0x0000000709a00000, 0x0000000709a00000, 0x0000000709c00000|  0%| F|  |TAMS 0x0000000709a00000, 0x0000000709a00000| Untracked 
|  50|0x0000000709c00000, 0x0000000709c00000, 0x0000000709e00000|  0%| F|  |TAMS 0x0000000709c00000, 0x0000000709c00000| Untracked 
|  51|0x0000000709e00000, 0x0000000709e00000, 0x000000070a000000|  0%| F|  |TAMS 0x0000000709e00000, 0x0000000709e00000| Untracked 
|  52|0x000000070a000000, 0x000000070a000000, 0x000000070a200000|  0%| F|  |TAMS 0x000000070a000000, 0x000000070a000000| Untracked 
|  53|0x000000070a200000, 0x000000070a200000, 0x000000070a400000|  0%| F|  |TAMS 0x000000070a200000, 0x000000070a200000| Untracked 
|  54|0x000000070a400000, 0x000000070a400000, 0x000000070a600000|  0%| F|  |TAMS 0x000000070a400000, 0x000000070a400000| Untracked 
|  55|0x000000070a600000, 0x000000070a600000, 0x000000070a800000|  0%| F|  |TAMS 0x000000070a600000, 0x000000070a600000| Untracked 
|  56|0x000000070a800000, 0x000000070a800000, 0x000000070aa00000|  0%| F|  |TAMS 0x000000070a800000, 0x000000070a800000| Untracked 
|  57|0x000000070aa00000, 0x000000070aa00000, 0x000000070ac00000|  0%| F|  |TAMS 0x000000070aa00000, 0x000000070aa00000| Untracked 
|  58|0x000000070ac00000, 0x000000070ac00000, 0x000000070ae00000|  0%| F|  |TAMS 0x000000070ac00000, 0x000000070ac00000| Untracked 
|  59|0x000000070ae00000, 0x000000070ae00000, 0x000000070b000000|  0%| F|  |TAMS 0x000000070ae00000, 0x000000070ae00000| Untracked 
|  60|0x000000070b000000, 0x000000070b000000, 0x000000070b200000|  0%| F|  |TAMS 0x000000070b000000, 0x000000070b000000| Untracked 
|  61|0x000000070b200000, 0x000000070b200000, 0x000000070b400000|  0%| F|  |TAMS 0x000000070b200000, 0x000000070b200000| Untracked 
|  62|0x000000070b400000, 0x000000070b400000, 0x000000070b600000|  0%| F|  |TAMS 0x000000070b400000, 0x000000070b400000| Untracked 
|  63|0x000000070b600000, 0x000000070b600000, 0x000000070b800000|  0%| F|  |TAMS 0x000000070b600000, 0x000000070b600000| Untracked 
|  64|0x000000070b800000, 0x000000070b800000, 0x000000070ba00000|  0%| F|  |TAMS 0x000000070b800000, 0x000000070b800000| Untracked 
|  65|0x000000070ba00000, 0x000000070ba00000, 0x000000070bc00000|  0%| F|  |TAMS 0x000000070ba00000, 0x000000070ba00000| Untracked 
|  66|0x000000070bc00000, 0x000000070bc00000, 0x000000070be00000|  0%| F|  |TAMS 0x000000070bc00000, 0x000000070bc00000| Untracked 
|  67|0x000000070be00000, 0x000000070be00000, 0x000000070c000000|  0%| F|  |TAMS 0x000000070be00000, 0x000000070be00000| Untracked 
|  68|0x000000070c000000, 0x000000070c000000, 0x000000070c200000|  0%| F|  |TAMS 0x000000070c000000, 0x000000070c000000| Untracked 
|  69|0x000000070c200000, 0x000000070c200000, 0x000000070c400000|  0%| F|  |TAMS 0x000000070c200000, 0x000000070c200000| Untracked 
|  70|0x000000070c400000, 0x000000070c400000, 0x000000070c600000|  0%| F|  |TAMS 0x000000070c400000, 0x000000070c400000| Untracked 
|  71|0x000000070c600000, 0x000000070c600000, 0x000000070c800000|  0%| F|  |TAMS 0x000000070c600000, 0x000000070c600000| Untracked 
|  72|0x000000070c800000, 0x000000070c800000, 0x000000070ca00000|  0%| F|  |TAMS 0x000000070c800000, 0x000000070c800000| Untracked 
|  73|0x000000070ca00000, 0x000000070ca00000, 0x000000070cc00000|  0%| F|  |TAMS 0x000000070ca00000, 0x000000070ca00000| Untracked 
|  74|0x000000070cc00000, 0x000000070cc00000, 0x000000070ce00000|  0%| F|  |TAMS 0x000000070cc00000, 0x000000070cc00000| Untracked 
|  75|0x000000070ce00000, 0x000000070ce00000, 0x000000070d000000|  0%| F|  |TAMS 0x000000070ce00000, 0x000000070ce00000| Untracked 
|  76|0x000000070d000000, 0x000000070d000000, 0x000000070d200000|  0%| F|  |TAMS 0x000000070d000000, 0x000000070d000000| Untracked 
|  77|0x000000070d200000, 0x000000070d200000, 0x000000070d400000|  0%| F|  |TAMS 0x000000070d200000, 0x000000070d200000| Untracked 
|  78|0x000000070d400000, 0x000000070d400000, 0x000000070d600000|  0%| F|  |TAMS 0x000000070d400000, 0x000000070d400000| Untracked 
|  79|0x000000070d600000, 0x000000070d600000, 0x000000070d800000|  0%| F|  |TAMS 0x000000070d600000, 0x000000070d600000| Untracked 
|  80|0x000000070d800000, 0x000000070d800000, 0x000000070da00000|  0%| F|  |TAMS 0x000000070d800000, 0x000000070d800000| Untracked 
|  81|0x000000070da00000, 0x000000070da00000, 0x000000070dc00000|  0%| F|  |TAMS 0x000000070da00000, 0x000000070da00000| Untracked 
|  82|0x000000070dc00000, 0x000000070dc00000, 0x000000070de00000|  0%| F|  |TAMS 0x000000070dc00000, 0x000000070dc00000| Untracked 
|  83|0x000000070de00000, 0x000000070de00000, 0x000000070e000000|  0%| F|  |TAMS 0x000000070de00000, 0x000000070de00000| Untracked 
|  84|0x000000070e000000, 0x000000070e000000, 0x000000070e200000|  0%| F|  |TAMS 0x000000070e000000, 0x000000070e000000| Untracked 
|  85|0x000000070e200000, 0x000000070e200000, 0x000000070e400000|  0%| F|  |TAMS 0x000000070e200000, 0x000000070e200000| Untracked 
|  86|0x000000070e400000, 0x000000070e400000, 0x000000070e600000|  0%| F|  |TAMS 0x000000070e400000, 0x000000070e400000| Untracked 
|  87|0x000000070e600000, 0x000000070e600000, 0x000000070e800000|  0%| F|  |TAMS 0x000000070e600000, 0x000000070e600000| Untracked 
|  88|0x000000070e800000, 0x000000070e800000, 0x000000070ea00000|  0%| F|  |TAMS 0x000000070e800000, 0x000000070e800000| Untracked 
|  89|0x000000070ea00000, 0x000000070ea00000, 0x000000070ec00000|  0%| F|  |TAMS 0x000000070ea00000, 0x000000070ea00000| Untracked 
|  90|0x000000070ec00000, 0x000000070ec00000, 0x000000070ee00000|  0%| F|  |TAMS 0x000000070ec00000, 0x000000070ec00000| Untracked 
|  91|0x000000070ee00000, 0x000000070ee00000, 0x000000070f000000|  0%| F|  |TAMS 0x000000070ee00000, 0x000000070ee00000| Untracked 
|  92|0x000000070f000000, 0x000000070f000000, 0x000000070f200000|  0%| F|  |TAMS 0x000000070f000000, 0x000000070f000000| Untracked 
|  93|0x000000070f200000, 0x000000070f200000, 0x000000070f400000|  0%| F|  |TAMS 0x000000070f200000, 0x000000070f200000| Untracked 
|  94|0x000000070f400000, 0x000000070f400000, 0x000000070f600000|  0%| F|  |TAMS 0x000000070f400000, 0x000000070f400000| Untracked 
|  95|0x000000070f600000, 0x000000070f600000, 0x000000070f800000|  0%| F|  |TAMS 0x000000070f600000, 0x000000070f600000| Untracked 
|  96|0x000000070f800000, 0x000000070f800000, 0x000000070fa00000|  0%| F|  |TAMS 0x000000070f800000, 0x000000070f800000| Untracked 
|  97|0x000000070fa00000, 0x000000070fa00000, 0x000000070fc00000|  0%| F|  |TAMS 0x000000070fa00000, 0x000000070fa00000| Untracked 
|  98|0x000000070fc00000, 0x000000070fc00000, 0x000000070fe00000|  0%| F|  |TAMS 0x000000070fc00000, 0x000000070fc00000| Untracked 
|  99|0x000000070fe00000, 0x000000070fe00000, 0x0000000710000000|  0%| F|  |TAMS 0x000000070fe00000, 0x000000070fe00000| Untracked 
| 100|0x0000000710000000, 0x0000000710000000, 0x0000000710200000|  0%| F|  |TAMS 0x0000000710000000, 0x0000000710000000| Untracked 
| 101|0x0000000710200000, 0x0000000710200000, 0x0000000710400000|  0%| F|  |TAMS 0x0000000710200000, 0x0000000710200000| Untracked 
| 102|0x0000000710400000, 0x0000000710400000, 0x0000000710600000|  0%| F|  |TAMS 0x0000000710400000, 0x0000000710400000| Untracked 
| 103|0x0000000710600000, 0x0000000710600000, 0x0000000710800000|  0%| F|  |TAMS 0x0000000710600000, 0x0000000710600000| Untracked 
| 104|0x0000000710800000, 0x0000000710800000, 0x0000000710a00000|  0%| F|  |TAMS 0x0000000710800000, 0x0000000710800000| Untracked 
| 105|0x0000000710a00000, 0x0000000710a00000, 0x0000000710c00000|  0%| F|  |TAMS 0x0000000710a00000, 0x0000000710a00000| Untracked 
| 106|0x0000000710c00000, 0x0000000710c00000, 0x0000000710e00000|  0%| F|  |TAMS 0x0000000710c00000, 0x0000000710c00000| Untracked 
| 107|0x0000000710e00000, 0x0000000710e00000, 0x0000000711000000|  0%| F|  |TAMS 0x0000000710e00000, 0x0000000710e00000| Untracked 
| 108|0x0000000711000000, 0x0000000711000000, 0x0000000711200000|  0%| F|  |TAMS 0x0000000711000000, 0x0000000711000000| Untracked 
| 109|0x0000000711200000, 0x0000000711200000, 0x0000000711400000|  0%| F|  |TAMS 0x0000000711200000, 0x0000000711200000| Untracked 
| 110|0x0000000711400000, 0x0000000711400000, 0x0000000711600000|  0%| F|  |TAMS 0x0000000711400000, 0x0000000711400000| Untracked 
| 111|0x0000000711600000, 0x0000000711600000, 0x0000000711800000|  0%| F|  |TAMS 0x0000000711600000, 0x0000000711600000| Untracked 
| 112|0x0000000711800000, 0x0000000711800000, 0x0000000711a00000|  0%| F|  |TAMS 0x0000000711800000, 0x0000000711800000| Untracked 
| 113|0x0000000711a00000, 0x0000000711a00000, 0x0000000711c00000|  0%| F|  |TAMS 0x0000000711a00000, 0x0000000711a00000| Untracked 
| 114|0x0000000711c00000, 0x0000000711c00000, 0x0000000711e00000|  0%| F|  |TAMS 0x0000000711c00000, 0x0000000711c00000| Untracked 
| 115|0x0000000711e00000, 0x0000000711e00000, 0x0000000712000000|  0%| F|  |TAMS 0x0000000711e00000, 0x0000000711e00000| Untracked 
| 116|0x0000000712000000, 0x0000000712000000, 0x0000000712200000|  0%| F|  |TAMS 0x0000000712000000, 0x0000000712000000| Untracked 
| 117|0x0000000712200000, 0x0000000712200000, 0x0000000712400000|  0%| F|  |TAMS 0x0000000712200000, 0x0000000712200000| Untracked 
| 118|0x0000000712400000, 0x0000000712400000, 0x0000000712600000|  0%| F|  |TAMS 0x0000000712400000, 0x0000000712400000| Untracked 
| 119|0x0000000712600000, 0x0000000712600000, 0x0000000712800000|  0%| F|  |TAMS 0x0000000712600000, 0x0000000712600000| Untracked 
| 120|0x0000000712800000, 0x0000000712800000, 0x0000000712a00000|  0%| F|  |TAMS 0x0000000712800000, 0x0000000712800000| Untracked 
| 121|0x0000000712a00000, 0x0000000712a00000, 0x0000000712c00000|  0%| F|  |TAMS 0x0000000712a00000, 0x0000000712a00000| Untracked 
| 122|0x0000000712c00000, 0x0000000712c00000, 0x0000000712e00000|  0%| F|  |TAMS 0x0000000712c00000, 0x0000000712c00000| Untracked 
| 123|0x0000000712e00000, 0x0000000712e00000, 0x0000000713000000|  0%| F|  |TAMS 0x0000000712e00000, 0x0000000712e00000| Untracked 
| 124|0x0000000713000000, 0x0000000713152828, 0x0000000713200000| 66%| E|  |TAMS 0x0000000713000000, 0x0000000713000000| Complete 
| 125|0x0000000713200000, 0x0000000713400000, 0x0000000713400000|100%| E|CS|TAMS 0x0000000713200000, 0x0000000713200000| Complete 
| 126|0x0000000713400000, 0x0000000713600000, 0x0000000713600000|100%| E|CS|TAMS 0x0000000713400000, 0x0000000713400000| Complete 

Card table byte_map: [0x00000261786f0000,0x0000026178ee0000] _byte_map_base: 0x0000026174ed4000

Marking Bits (Prev, Next): (CMBitMap*) 0x0000026160bfd330, (CMBitMap*) 0x0000026160bfd370
 Prev Bits: [0x00000261796d0000, 0x000002617d5f0000)
 Next Bits: [0x0000026100000000, 0x0000026103f20000)

Polling page: 0x000002615e950000

Metaspace:

Usage:
  Non-class:      3.87 MB used.
      Class:    493.86 KB used.
       Both:      4.35 MB used.

Virtual space:
  Non-class space:        8.00 MB reserved,       3.94 MB ( 49%) committed,  1 nodes.
      Class space:        1.00 GB reserved,     576.00 KB ( <1%) committed,  1 nodes.
             Both:        1.01 GB reserved,       4.50 MB ( <1%) committed. 

Chunk freelists:
   Non-Class:  3.91 MB
       Class:  3.25 MB
        Both:  7.16 MB

MaxMetaspaceSize: unlimited
CompressedClassSpaceSize: 1.00 GB
Initial GC threshold: 21.00 MB
Current GC threshold: 21.00 MB
CDS: on
MetaspaceReclaimPolicy: balanced
 - commit_granule_bytes: 65536.
 - commit_granule_words: 8192.
 - virtual_space_node_default_size: 1048576.
 - enlarge_chunks_in_place: 1.
 - new_chunks_are_fully_committed: 0.
 - uncommit_free_chunks: 1.
 - use_allocation_guard: 0.
 - handle_deallocations: 1.


Internal statistics:

num_allocs_failed_limit: 0.
num_arena_births: 90.
num_arena_deaths: 0.
num_vsnodes_births: 2.
num_vsnodes_deaths: 0.
num_space_committed: 72.
num_space_uncommitted: 0.
num_chunks_returned_to_freelist: 0.
num_chunks_taken_from_freelist: 123.
num_chunk_merges: 0.
num_chunk_splits: 68.
num_chunks_enlarged: 19.
num_purges: 0.
num_inconsistent_stats: 0.

CodeHeap 'non-profiled nmethods': size=119168Kb used=125Kb max_used=125Kb free=119042Kb
 bounds [0x0000026170220000, 0x0000026170490000, 0x0000026177680000]
CodeHeap 'profiled nmethods': size=119104Kb used=749Kb max_used=749Kb free=118354Kb
 bounds [0x0000026168dd0000, 0x0000026169040000, 0x0000026170220000]
CodeHeap 'non-nmethods': size=7488Kb used=1739Kb max_used=1748Kb free=5748Kb
 bounds [0x0000026168680000, 0x00000261688f0000, 0x0000026168dd0000]
 total_blobs=966 nmethods=492 adapters=386
 compilation: enabled
              stopped_count=0, restarted_count=0
 full_count=0

Compilation events (20 events):
Event: 0.145 Thread 0x0000026104664390  481       3       jdk.internal.misc.Unsafe::putReferenceRelease (9 bytes)
Event: 0.145 Thread 0x000002610511f000  483       3       java.util.concurrent.ConcurrentHashMap::setTabAt (20 bytes)
Event: 0.145 Thread 0x0000026104664390 nmethod 481 0x0000026168e89610 code [0x0000026168e897a0, 0x0000026168e89918]
Event: 0.145 Thread 0x000002610511f000 nmethod 483 0x0000026168e89990 code [0x0000026168e89b40, 0x0000026168e89d68]
Event: 0.146 Thread 0x0000026105021860  484       4       java.util.concurrent.ConcurrentHashMap::tabAt (22 bytes)
Event: 0.146 Thread 0x0000026105021860 nmethod 484 0x000002617023ed90 code [0x000002617023ef00, 0x000002617023ef78]
Event: 0.146 Thread 0x000002610511f000  485       3       java.lang.Integer::valueOf (32 bytes)
Event: 0.146 Thread 0x0000026104664390  486       3       java.util.HashSet::add (20 bytes)
Event: 0.146 Thread 0x000002610511f000 nmethod 485 0x0000026168e89e10 code [0x0000026168e89fc0, 0x0000026168e8a2d8]
Event: 0.146 Thread 0x0000026104664390 nmethod 486 0x0000026168e8a410 code [0x0000026168e8a5c0, 0x0000026168e8a7e8]
Event: 0.146 Thread 0x000002610511f000  487       3       java.lang.Integer::<init> (10 bytes)
Event: 0.146 Thread 0x0000026104664390  488       3       java.lang.Integer::hashCode (8 bytes)
Event: 0.146 Thread 0x0000026104664390 nmethod 488 0x0000026168e8a890 code [0x0000026168e8aa20, 0x0000026168e8ab78]
Event: 0.146 Thread 0x0000026104664390  489       3       java.lang.Integer::hashCode (2 bytes)
Event: 0.146 Thread 0x000002610511f000 nmethod 487 0x0000026168e8ac10 code [0x0000026168e8adc0, 0x0000026168e8af98]
Event: 0.147 Thread 0x0000026104664390 nmethod 489 0x0000026168e8b090 code [0x0000026168e8b220, 0x0000026168e8b318]
Event: 0.147 Thread 0x000002610511f000  490       3       java.lang.CharacterDataLatin1::getProperties (11 bytes)
Event: 0.147 Thread 0x000002610511f000 nmethod 490 0x0000026168e8b390 code [0x0000026168e8b520, 0x0000026168e8b658]
Event: 0.147 Thread 0x000002610511f000  491       1       java.lang.Integer::intValue (5 bytes)
Event: 0.147 Thread 0x000002610511f000 nmethod 491 0x000002617023f090 code [0x000002617023f220, 0x000002617023f2f8]

GC Heap History (0 events):
No events

Deoptimization events (0 events):
No events

Classes unloaded (0 events):
No events

Classes redefined (0 events):
No events

Internal exceptions (11 events):
Event: 0.048 Thread 0x0000026160bab8f0 Exception <a 'java/lang/ClassNotFoundException'{0x00000007135986e8}: sun/awt/resources/spi/awtProvider> (0x00000007135986e8) 
thrown [e:\jenkins\tmp\workspace\build\src\src\hotspot\share\classfile\systemDictionary.cpp, line 256]
Event: 0.064 Thread 0x0000026160bab8f0 Exception <a 'java/io/FileNotFoundException'{0x000000071322ef80}> (0x000000071322ef80) 
thrown [e:\jenkins\tmp\workspace\build\src\src\hotspot\share\prims\jni.cpp, line 516]
Event: 0.069 Thread 0x0000026160bab8f0 Exception <a 'java/io/FileNotFoundException'{0x000000071325be98}> (0x000000071325be98) 
thrown [e:\jenkins\tmp\workspace\build\src\src\hotspot\share\prims\jni.cpp, line 516]
Event: 0.092 Thread 0x0000026160bab8f0 Exception <a 'java/lang/NoSuchMethodError'{0x000000071329c0d0}: 'java.lang.Object java.lang.invoke.DirectMethodHandle$Holder.invokeStaticInit(java.lang.Object)'> (0x000000071329c0d0) 
thrown [e:\jenkins\tmp\workspace\build\src\src\hotspot\share\interpreter\linkResolver.cpp, line 766]
Event: 0.112 Thread 0x0000026160bab8f0 Exception <a 'java/lang/NoSuchMethodError'{0x0000000713356ad8}: 'void java.lang.invoke.DirectMethodHandle$Holder.invokeSpecial(java.lang.Object, java.lang.Object, java.lang.Object)'> (0x0000000713356ad8) 
thrown [e:\jenkins\tmp\workspace\build\src\src\hotspot\share\interpreter\linkResolver.cpp, line 766]
Event: 0.117 Thread 0x0000026160bab8f0 Exception <a 'java/lang/NoSuchMethodError'{0x0000000713380a88}: 'java.lang.Object java.lang.invoke.DirectMethodHandle$Holder.newInvokeSpecial(java.lang.Object, java.lang.Object, java.lang.Object, java.lang.Object, java.lang.Object)'> (0x0000000713380a88) 
thrown [e:\jenkins\tmp\workspace\build\src\src\hotspot\share\interpreter\linkResolver.cpp, line 766]
Event: 0.118 Thread 0x0000026160bab8f0 Exception <a 'java/lang/NoSuchMethodError'{0x000000071338c450}: 'java.lang.Object java.lang.invoke.DirectMethodHandle$Holder.invokeStatic(java.lang.Object, int, java.lang.Object, java.lang.Object, java.lang.Object, java.lang.Object)'> (0x000000071338c450) 
thrown [e:\jenkins\tmp\workspace\build\src\src\hotspot\share\interpreter\linkResolver.cpp, line 766]
Event: 0.120 Thread 0x0000026160bab8f0 Exception <a 'java/lang/NoSuchMethodError'{0x00000007133b1c10}: 'java.lang.Object java.lang.invoke.DirectMethodHandle$Holder.invokeStatic(java.lang.Object, int, java.lang.Object)'> (0x00000007133b1c10) 
thrown [e:\jenkins\tmp\workspace\build\src\src\hotspot\share\interpreter\linkResolver.cpp, line 766]
Event: 0.135 Thread 0x0000026160bab8f0 Exception <a 'java/lang/ClassNotFoundException'{0x0000000713069d60}: com/sun/swing/internal/plaf/metal/resources/spi/metalProvider> (0x0000000713069d60) 
thrown [e:\jenkins\tmp\workspace\build\src\src\hotspot\share\classfile\systemDictionary.cpp, line 256]
Event: 0.136 Thread 0x0000026160bab8f0 Exception <a 'java/lang/ClassNotFoundException'{0x000000071306d940}: com/sun/swing/internal/plaf/basic/resources/spi/basicProvider> (0x000000071306d940) 
thrown [e:\jenkins\tmp\workspace\build\src\src\hotspot\share\classfile\systemDictionary.cpp, line 256]
Event: 0.150 Thread 0x0000026105376a20 Exception <a 'java/lang/NoSuchMethodError'{0x00000007132f1fc8}: 'void java.lang.invoke.DirectMethodHandle$Holder.invokeVirtual(java.lang.Object, java.lang.Object)'> (0x00000007132f1fc8) 
thrown [e:\jenkins\tmp\workspace\build\src\src\hotspot\share\interpreter\linkResolver.cpp, line 766]

VM Operations (4 events):
Event: 0.135 Executing VM operation: HandshakeAllThreads
Event: 0.135 Executing VM operation: HandshakeAllThreads done
Event: 0.142 Executing VM operation: HandshakeAllThreads
Event: 0.142 Executing VM operation: HandshakeAllThreads done

Events (20 events):
Event: 0.152 loading class sun/java2d/pipe/hw/BufferedContextProvider done
Event: 0.152 loading class sun/java2d/pipe/hw/AccelGraphicsConfig done
Event: 0.152 loading class sun/java2d/d3d/D3DGraphicsConfig done
Event: 0.152 loading class sun/java2d/windows/GDIWindowSurfaceData
Event: 0.152 loading class sun/java2d/windows/GDIWindowSurfaceData done
Event: 0.152 loading class sun/java2d/loops/XORComposite
Event: 0.152 loading class java/awt/Composite
Event: 0.152 loading class java/awt/Composite done
Event: 0.152 loading class sun/java2d/loops/XORComposite done
Event: 0.152 loading class sun/java2d/windows/GDIBlitLoops
Event: 0.152 loading class sun/java2d/loops/Blit
Event: 0.152 loading class sun/java2d/loops/GraphicsPrimitive
Event: 0.152 loading class sun/java2d/loops/GraphicsPrimitive done
Event: 0.152 loading class sun/java2d/loops/Blit done
Event: 0.152 loading class sun/java2d/windows/GDIBlitLoops done
Event: 0.152 loading class sun/java2d/loops/GraphicsPrimitiveMgr
Event: 0.152 loading class sun/java2d/loops/GraphicsPrimitiveMgr done
Event: 0.152 loading class sun/java2d/loops/CompositeType
Event: 0.152 loading class sun/java2d/loops/CompositeType done
Event: 0.152 loading class sun/java2d/SunGraphics2D


Dynamic libraries:
0x00007ff6ca0a0000 - 0x00007ff6ca0ae000 	E:\programs\jdk\bin\javaw.exe
0x00007ffe99f10000 - 0x00007ffe9a108000 	C:\Windows\SYSTEM32\ntdll.dll
0x00007ffe98070000 - 0x00007ffe9812f000 	C:\Windows\System32\KERNEL32.DLL
0x00007ffe97c70000 - 0x00007ffe97f42000 	C:\Windows\System32\KERNELBASE.dll
0x00007ffe97b70000 - 0x00007ffe97c70000 	C:\Windows\System32\ucrtbase.dll
0x00007ffe6c4d0000 - 0x00007ffe6c4e8000 	E:\programs\jdk\bin\jli.dll
0x00007ffe6c4b0000 - 0x00007ffe6c4c9000 	E:\programs\jdk\bin\VCRUNTIME140.dll
0x00007ffe99d20000 - 0x00007ffe99ec1000 	C:\Windows\System32\USER32.dll
0x00007ffe82df0000 - 0x00007ffe8308a000 	C:\Windows\WinSxS\amd64_microsoft.windows.common-controls_6595b64144ccf1df_6.0.19041.1110_none_60b5254171f9507e\COMCTL32.dll
0x00007ffe97690000 - 0x00007ffe976b2000 	C:\Windows\System32\win32u.dll
0x00007ffe99360000 - 0x00007ffe993fe000 	C:\Windows\System32\msvcrt.dll
0x00007ffe98f10000 - 0x00007ffe98f3b000 	C:\Windows\System32\GDI32.dll
0x00007ffe976f0000 - 0x00007ffe977ff000 	C:\Windows\System32\gdi32full.dll
0x00007ffe97ad0000 - 0x00007ffe97b6d000 	C:\Windows\System32\msvcp_win.dll
0x00007ffe98f40000 - 0x00007ffe98f72000 	C:\Windows\System32\IMM32.DLL
0x00007ffe91f10000 - 0x00007ffe91f1c000 	E:\programs\jdk\bin\vcruntime140_1.dll
0x00007ffe6c410000 - 0x00007ffe6c4a1000 	E:\programs\jdk\bin\msvcp140.dll
0x00007ffded100000 - 0x00007ffdedd46000 	E:\programs\jdk\bin\server\jvm.dll
0x00007ffe97fc0000 - 0x00007ffe9806e000 	C:\Windows\System32\ADVAPI32.dll
0x00007ffe991e0000 - 0x00007ffe9927c000 	C:\Windows\System32\sechost.dll
0x00007ffe99400000 - 0x00007ffe99525000 	C:\Windows\System32\RPCRT4.dll
0x00007ffe97fb0000 - 0x00007ffe97fb8000 	C:\Windows\System32\PSAPI.DLL
0x00007ffe82d40000 - 0x00007ffe82d49000 	C:\Windows\SYSTEM32\WSOCK32.dll
0x00007ffe7c900000 - 0x00007ffe7c927000 	C:\Windows\SYSTEM32\WINMM.dll
0x00007ffe8c6a0000 - 0x00007ffe8c6aa000 	C:\Windows\SYSTEM32\VERSION.dll
0x00007ffe99170000 - 0x00007ffe991db000 	C:\Windows\System32\WS2_32.dll
0x00007ffe954a0000 - 0x00007ffe954b2000 	C:\Windows\SYSTEM32\kernel.appcore.dll
0x00007ffe7d890000 - 0x00007ffe7d89a000 	E:\programs\jdk\bin\jimage.dll
0x00007ffe94d60000 - 0x00007ffe94f44000 	C:\Windows\SYSTEM32\DBGHELP.DLL
0x00007ffe8aa30000 - 0x00007ffe8aa65000 	C:\Windows\SYSTEM32\dbgcore.DLL
0x00007ffe97600000 - 0x00007ffe97682000 	C:\Windows\System32\bcryptPrimitives.dll
0x00007ffe58930000 - 0x00007ffe58955000 	E:\programs\jdk\bin\java.dll
0x00007ffe4a710000 - 0x00007ffe4a7e6000 	E:\programs\jdk\bin\svml.dll
0x00007ffe995d0000 - 0x00007ffe99d14000 	C:\Windows\System32\SHELL32.dll
0x00007ffe956c0000 - 0x00007ffe95e52000 	C:\Windows\SYSTEM32\windows.storage.dll
0x00007ffe989a0000 - 0x00007ffe98cf5000 	C:\Windows\System32\combase.dll
0x00007ffe97060000 - 0x00007ffe97090000 	C:\Windows\SYSTEM32\Wldp.dll
0x00007ffe986b0000 - 0x00007ffe9875d000 	C:\Windows\System32\SHCORE.dll
0x00007ffe98d00000 - 0x00007ffe98d55000 	C:\Windows\System32\shlwapi.dll
0x00007ffe97540000 - 0x00007ffe9755f000 	C:\Windows\SYSTEM32\profapi.dll
0x00007ffe6c100000 - 0x00007ffe6c28e000 	E:\programs\jdk\bin\awt.dll
0x00007ffe98f80000 - 0x00007ffe9904d000 	C:\Windows\System32\OLEAUT32.dll
0x00007ffe94a30000 - 0x00007ffe94ac1000 	C:\Windows\SYSTEM32\apphelp.dll
0x00007ffe950b0000 - 0x00007ffe950df000 	C:\Windows\system32\DWMAPI.DLL
0x00007ffe94b80000 - 0x00007ffe94c1e000 	C:\Windows\system32\uxtheme.dll
0x00007ffe6c2e0000 - 0x00007ffe6c405000 	C:\Windows\system32\opengl32.dll
0x00007ffe6bb90000 - 0x00007ffe6bbbc000 	C:\Windows\SYSTEM32\GLU32.dll
0x00007ffe99050000 - 0x00007ffe99165000 	C:\Windows\System32\MSCTF.dll
0x00007ffe98760000 - 0x00007ffe9888a000 	C:\Windows\System32\ole32.dll

dbghelp: loaded successfully - version: 4.0.5 - missing functions: none
symbol engine: initialized successfully - sym options: 0x614 - pdb path: .;E:\programs\jdk\bin;C:\Windows\SYSTEM32;C:\Windows\WinSxS\amd64_microsoft.windows.common-controls_6595b64144ccf1df_6.0.19041.1110_none_60b5254171f9507e;E:\programs\jdk\bin\server

VM Arguments:
jvm_args: -Dfile.encoding=Cp1252 
java_command: Main.main
java_class_path (initial): E:\programs\exlipse\snakes and ladders Java\bin
Launcher Type: SUN_STANDARD

[Global flags]
     intx CICompilerCount                          = 12                                        {product} {ergonomic}
     uint ConcGCThreads                            = 3                                         {product} {ergonomic}
     uint G1ConcRefinementThreads                  = 13                                        {product} {ergonomic}
   size_t G1HeapRegionSize                         = 2097152                                   {product} {ergonomic}
    uintx GCDrainStackTargetSize                   = 64                                        {product} {ergonomic}
   size_t InitialHeapSize                          = 266338304                                 {product} {ergonomic}
   size_t MarkStackSize                            = 4194304                                   {product} {ergonomic}
   size_t MaxHeapSize                              = 4236247040                                {product} {ergonomic}
   size_t MaxNewSize                               = 2541748224                                {product} {ergonomic}
   size_t MinHeapDeltaBytes                        = 2097152                                   {product} {ergonomic}
   size_t MinHeapSize                              = 8388608                                   {product} {ergonomic}
    uintx NonNMethodCodeHeapSize                   = 7602480                                {pd product} {ergonomic}
    uintx NonProfiledCodeHeapSize                  = 122027880                              {pd product} {ergonomic}
    uintx ProfiledCodeHeapSize                     = 122027880                              {pd product} {ergonomic}
    uintx ReservedCodeCacheSize                    = 251658240                              {pd product} {ergonomic}
     bool SegmentedCodeCache                       = true                                      {product} {ergonomic}
   size_t SoftMaxHeapSize                          = 4236247040                             {manageable} {ergonomic}
     bool UseCompressedClassPointers               = true                           {product lp64_product} {ergonomic}
     bool UseCompressedOops                        = true                           {product lp64_product} {ergonomic}
     bool UseG1GC                                  = true                                      {product} {ergonomic}
     bool UseLargePagesIndividualAllocation        = false                                  {pd product} {ergonomic}

Logging:
Log output configuration:
 #0: stdout all=warning uptime,level,tags
 #1: stderr all=off uptime,level,tags

Environment Variables:
PATH=E:/programs/jdk/bin/server;E:/programs/jdk/bin;C:\Program Files (x86)\Microsoft SDKs\Azure\CLI2\wbin;E:\programs\jdk\bin;C:\Program Files (x86)\Common Files\Oracle\Java\javapath;C:\Windows\system32;C:\Windows;C:\Windows\System32\Wbem;C:\Windows\System32\WindowsPowerShell\v1.0\;C:\Windows\System32\OpenSSH\;C:\Program Files\NVIDIA Corporation\NVIDIA NvDLISR;C:\Program Files (x86)\NVIDIA Corporation\PhysX\Common;E:\programs\Git\cmd;E:\programs\node js\;C:\Program Files\dotnet\;C:\Program Files\Microsoft SQL Server\150\Tools\Binn\;C:\Program Files\Microsoft SQL Server\Client SDK\ODBC\170\Tools\Binn\;C:\Program Files (x86)\Microsoft SQL Server\160\Tools\Binn\;C:\Program Files\Microsoft SQL Server\160\Tools\Binn\;C:\Program Files\Microsoft SQL Server\160\DTS\Binn\;C:\Program Files (x86)\Microsoft SQL Server\150\DTS\Binn\;C:\Program Files\Azure Data Studio\bin;C:\Program Files\MySQL\MySQL Shell 8.0\bin\;C:\Users\User\AppData\Local\Microsoft\WindowsApps;C:\Users\User\AppData\Local\GitHubDesktop\bin;C:\Users\User\AppData\Roaming\npm;C:\Users\User\.dotnet\tools;E:\programs\Microsoft VS Code\bin;C:\Program Files\Azure Data Studio\bin;E:\programs\exlipse\eclipse;
USERNAME=User
OS=Windows_NT
PROCESSOR_IDENTIFIER=Intel64 Family 6 Model 165 Stepping 2, GenuineIntel



---------------  S Y S T E M  ---------------

OS:
 Windows 10 , 64 bit Build 19041 (10.0.19041.2364)
OS uptime: 0 days 3:23 hours

CPU: total 16 (initial active 16) (8 cores per cpu, 2 threads per core) family 6 model 165 stepping 2 microcode 0xf0, cx8, cmov, fxsr, ht, mmx, 3dnowpref, sse, sse2, sse3, ssse3, sse4.1, sse4.2, popcnt, lzcnt, tsc, tscinvbit, avx, avx2, aes, erms, clmul, bmi1, bmi2, adx, fma, vzeroupper, clflush, clflushopt

Memory: 4k page, system-wide physical 16158M (5837M free)
TotalPageFile size 35944M (AvailPageFile size 4M)
current process WorkingSet (physical memory assigned to process): 45M, peak: 45M
current process commit charge ("private bytes"): 359M, peak: 359M

vm_info: OpenJDK 64-Bit Server VM (17.0.1+12) for windows-amd64 JRE (17.0.1+12), built on Oct 20 2021 07:42:55 by "" with MS VC++ 16.7 (VS2019)

END.
